d:\c++ oop term2\practicals\practical(03)\practical(03)\x64\debug\vc143.pdb
d:\c++ oop term2\practicals\practical(03)\practical(03)\x64\debug\vc143.idb
d:\c++ oop term2\practicals\practical(03)\practical(03)\x64\debug\saving_account.obj
d:\c++ oop term2\practicals\practical(03)\practical(03)\x64\debug\account_type_menu.obj
d:\c++ oop term2\practicals\practical(03)\practical(03)\x64\debug\customer_menu.obj
d:\c++ oop term2\practicals\practical(03)\practical(03)\x64\debug\bank_account.obj
d:\c++ oop term2\practicals\practical(03)\practical(03)\x64\debug\bank_account_menu.obj
d:\c++ oop term2\practicals\practical(03)\practical(03)\x64\debug\bank_menu.obj
d:\c++ oop term2\practicals\practical(03)\practical(03)\x64\debug\transaction_menu.obj
d:\c++ oop term2\practicals\practical(03)\practical(03)\x64\debug\practical(03).obj
d:\c++ oop term2\practicals\practical(03)\practical(03)\x64\debug\customer.obj
d:\c++ oop term2\practicals\practical(03)\practical(03)\x64\debug\bank.obj
d:\c++ oop term2\practicals\practical(03)\practical(03)\x64\debug\transaction.obj
d:\c++ oop term2\practicals\practical(03)\practical(03)\x64\debug\fixeddeposit_account.obj
d:\c++ oop term2\practicals\practical(03)\practical(03)\x64\debug\checking_account.obj
d:\c++ oop term2\practicals\practical(03)\x64\debug\practical(03).exe
d:\c++ oop term2\practicals\practical(03)\x64\debug\practical(03).pdb
d:\c++ oop term2\practicals\practical(03)\practical(03)\x64\debug\practical(03).ilk
d:\c++ oop term2\practicals\practical(03)\practical(03)\x64\debug\practical(03).tlog\cl.command.1.tlog
d:\c++ oop term2\practicals\practical(03)\practical(03)\x64\debug\practical(03).tlog\cl.items.tlog
d:\c++ oop term2\practicals\practical(03)\practical(03)\x64\debug\practical(03).tlog\cl.read.1.tlog
d:\c++ oop term2\practicals\practical(03)\practical(03)\x64\debug\practical(03).tlog\cl.write.1.tlog
d:\c++ oop term2\practicals\practical(03)\practical(03)\x64\debug\practical(03).tlog\link.command.1.tlog
d:\c++ oop term2\practicals\practical(03)\practical(03)\x64\debug\practical(03).tlog\link.read.1.tlog
d:\c++ oop term2\practicals\practical(03)\practical(03)\x64\debug\practical(03).tlog\link.secondary.1.tlog
d:\c++ oop term2\practicals\practical(03)\practical(03)\x64\debug\practical(03).tlog\link.write.1.tlog
